<?xml version="1.0" encoding="UTF-8"?>
<testng-results ignored="0" total="1" passed="1" failed="0" skipped="0">
  <reporter-output>
  </reporter-output>
  <suite started-at="2021-01-19T13:03:15 CET" name="Suite" finished-at="2021-01-19T13:04:17 CET" duration-ms="62425">
    <groups>
      <group name="cucumber">
        <method signature="AbstractTestNGCucumberTests.runScenario(io.cucumber.testng.PickleWrapper, io.cucumber.testng.FeatureWrapper)[pri:0, instance:com.qa.testrunner.Testrunner@b9b00e0]" name="runScenario" class="io.cucumber.testng.AbstractTestNGCucumberTests"/>
      </group> <!-- cucumber -->
    </groups>
    <test started-at="2021-01-19T13:03:15 CET" name="Test" finished-at="2021-01-19T13:04:17 CET" duration-ms="62425">
      <class name="com.qa.testrunner.Testrunner">
        <test-method is-config="true" signature="setUpClass()[pri:0, instance:com.qa.testrunner.Testrunner@b9b00e0]" started-at="2021-01-19T13:03:15 CET" name="setUpClass" finished-at="2021-01-19T13:03:16 CET" duration-ms="1339" status="PASS">
          <reporter-output>
          </reporter-output>
        </test-method> <!-- setUpClass -->
        <test-method signature="runScenario(io.cucumber.testng.PickleWrapper, io.cucumber.testng.FeatureWrapper)[pri:0, instance:com.qa.testrunner.Testrunner@b9b00e0]" started-at="2021-01-19T13:03:16 CET" name="runScenario" description="Runs Cucumber Scenarios" data-provider="scenarios" finished-at="2021-01-19T13:04:17 CET" duration-ms="60788" status="PASS">
          <params>
            <param index="0">
              <value>
                <![CDATA["User verify logout option is available on the settings page"]]>
              </value>
            </param>
            <param index="1">
              <value>
                <![CDATA["Optional[Login to Pickx app]"]]>
              </value>
            </param>
          </params>
          <reporter-output>
          </reporter-output>
        </test-method> <!-- runScenario -->
        <test-method is-config="true" signature="tearDownClass()[pri:0, instance:com.qa.testrunner.Testrunner@b9b00e0]" started-at="2021-01-19T13:04:17 CET" name="tearDownClass" finished-at="2021-01-19T13:04:17 CET" duration-ms="116" status="PASS">
          <reporter-output>
          </reporter-output>
        </test-method> <!-- tearDownClass -->
      </class> <!-- com.qa.testrunner.Testrunner -->
    </test> <!-- Test -->
  </suite> <!-- Suite -->
</testng-results>
